<?xml version="1.0" encoding="UTF-8"?>
<!-- Generated by org.testng.reporters.JUnitXMLReporter -->
<testsuite hostname="NIS-PC053" tests="0" failures="0" timestamp="8 Aug 2019 12:39:27 GMT" time="0.011" errors="0">
  <testcase name="@BeforeSuite launchAUTApplication" time="0.0" classname="BasePackage.BaseClass">
    <failure type="java.lang.NullPointerException">
      <![CDATA[java.lang.NullPointerException
	at BasePackage.BaseClass.launchAUTApplication(BaseClass.java:40)
... Removed 18 stack frames]]>
    </failure>
  </testcase> <!-- @BeforeSuite launchAUTApplication -->
</testsuite>
