<?xml version="1.0" encoding="UTF-8"?>
<!-- Generated by org.testng.reporters.JUnitXMLReporter -->
<testsuite hostname="NIS-PC053" tests="0" failures="0" timestamp="8 Aug 2019 12:43:44 GMT" time="0.008" errors="0">
  <testcase name="@BeforeSuite launchAUTApplication" time="0.0" classname="BasePackage.BaseClass">
    <failure type="java.io.FileNotFoundException" message="D:\com.pos\src\main\java\Config\DVR.properties (The system cannot find the path specified)">
      <![CDATA[java.io.FileNotFoundException: D:\com.pos\src\main\java\Config\DVR.properties (The system cannot find the path specified)
	at java.io.FileInputStream.open0(Native Method)
	at java.io.FileInputStream.open(Unknown Source)
	at java.io.FileInputStream.<init>(Unknown Source)
	at java.io.FileInputStream.<init>(Unknown Source)
	at BasePackage.DriverClass.getValuesFromPropertiesFile(DriverClass.java:45)
	at BasePackage.DriverClass.launchBrowser(DriverClass.java:96)
	at BasePackage.BaseClass.launchAUTApplication(BaseClass.java:36)
... Removed 18 stack frames]]>
    </failure>
  </testcase> <!-- @BeforeSuite launchAUTApplication -->
</testsuite>
